Found orphan containers (devcontainer_app_1, devcontainer_testredux_1) for this project. If you removed or renamed this service in your compose file, you can run this command with the --remove-orphans flag to clean it up.
Starting devcontainer_mysqldb_1 ... 
Starting devcontainer_reduxsaga_1 ... 
[2A[2KStarting devcontainer_mysqldb_1   ... [32mdone[0m[2B[1A[2KStarting devcontainer_reduxsaga_1 ... [32mdone[0m[1BAttaching to devcontainer_mysqldb_1, devcontainer_reduxsaga_1
[36mmysqldb_1    |[0m 2021-07-23 19:54:41+00:00 [Note] [Entrypoint]: Entrypoint script for MySQL Server 8.0.25-1debian10 started.
[36mmysqldb_1    |[0m 2021-07-23 19:54:41+00:00 [Note] [Entrypoint]: Switching to dedicated user 'mysql'
[36mmysqldb_1    |[0m 2021-07-23 19:54:41+00:00 [Note] [Entrypoint]: Entrypoint script for MySQL Server 8.0.25-1debian10 started.
[36mmysqldb_1    |[0m 2021-07-23T19:54:42.384068Z 0 [System] [MY-010116] [Server] /usr/sbin/mysqld (mysqld 8.0.25) starting as process 1
[36mmysqldb_1    |[0m 2021-07-23T19:54:42.418962Z 1 [System] [MY-013576] [InnoDB] InnoDB initialization has started.
[36mmysqldb_1    |[0m 2021-07-23T19:54:42.866863Z 1 [System] [MY-013577] [InnoDB] InnoDB initialization has ended.
[36mmysqldb_1    |[0m 2021-07-23T19:54:43.186799Z 0 [System] [MY-011323] [Server] X Plugin ready for connections. Bind-address: '::' port: 33060, socket: /var/run/mysqld/mysqlx.sock
[36mmysqldb_1    |[0m 2021-07-23T19:54:43.339771Z 0 [Warning] [MY-010068] [Server] CA certificate ca.pem is self signed.
[36mmysqldb_1    |[0m 2021-07-23T19:54:43.340097Z 0 [System] [MY-013602] [Server] Channel mysql_main configured to support TLS. Encrypted connections are now supported for this channel.
[36mmysqldb_1    |[0m 2021-07-23T19:54:43.347507Z 0 [Warning] [MY-011810] [Server] Insecure configuration for --pid-file: Location '/var/run/mysqld' in the path is accessible to all OS users. Consider choosing a different directory.
[36mmysqldb_1    |[0m 2021-07-23T19:54:43.410357Z 0 [System] [MY-010931] [Server] /usr/sbin/mysqld: ready for connections. Version: '8.0.25'  socket: '/var/run/mysqld/mysqld.sock'  port: 3306  MySQL Community Server - GPL.
[36mmysqldb_1    |[0m 2021-07-23T19:55:55.685922Z 0 [System] [MY-013172] [Server] Received SHUTDOWN from user <via user signal>. Shutting down mysqld (Version: 8.0.25).
[36mmysqldb_1    |[0m 2021-07-23T19:55:56.734093Z 0 [System] [MY-010910] [Server] /usr/sbin/mysqld: Shutdown complete (mysqld 8.0.25)  MySQL Community Server - GPL.
[36mdevcontainer_mysqldb_1 exited with code 0
[0m[33mdevcontainer_reduxsaga_1 exited with code 137
[0m